<?xml version='1.0' encoding='UTF-8'?>

<beans xmlns="http://www.springframework.org/schema/beans"
	xmlns:xsi="http://www.w3.org/2001/XMLSchema-instance"
	xmlns:util="http://www.springframework.org/schema/util"
	xsi:schemaLocation="http://www.springframework.org/schema/beans
          http://www.springframework.org/schema/beans/spring-beans-2.0.xsd
          http://www.springframework.org/schema/util
          http://www.springframework.org/schema/util/spring-util-2.0.xsd">

	<import resource="classpath:alfresco/application-context.xml" />

	<bean id="testUtils" class="es.caib.gdib.utils.TestUtils">
	</bean>

	<!-- Load test properties -->
	<bean id="testProperties"
    	class="org.springframework.beans.factory.config.PropertyPlaceholderConfigurer">
    	<property name="ignoreUnresolvablePlaceholders" value="true" />
   		<property name="locations">
	        <list>
	        	<value>classpath:alfresco/properties/test.properties</value>
	        </list>
   		</property>
	</bean>

</beans>